<?xml version="1.0" encoding="UTF-8"?>
<!-- Generated by org.testng.reporters.JUnitReportReporter -->
<testsuite hostname="DESKTOP-TIJCAM4" failures="0" tests="1" name="SumValidation" time="3.170" errors="0" timestamp="2024-05-03T15:55:15 IST" skipped="0">
  <testcase classname="SumValidation" name="sumOfCourses" time="3.170"/>
  <system-out/>
</testsuite> <!-- SumValidation -->
