<?xml version="1.0" encoding="UTF-8"?>
<!-- Generated by org.testng.reporters.JUnitReportReporter -->
<testsuite hostname="DESKTOP-TIJCAM4" failures="0" tests="3" name="files.DynamicJson" time="6.051" errors="0" timestamp="2024-05-04T20:00:12 IST" skipped="0">
  <testcase classname="files.DynamicJson" name="addBook" time="0.411"/>
  <system-out/>
  <testcase classname="files.DynamicJson" name="addBook" time="5.159"/>
  <system-out/>
  <testcase classname="files.DynamicJson" name="addBook" time="0.481"/>
  <system-out/>
</testsuite> <!-- files.DynamicJson -->
